[debug] > Exec(run, None, None)
[debug] Evaluating tasks: Compile / run
[debug] Running task... Cancel: Signal, check cycles: false, forcegc: true
[info] compiling 4 Scala sources to C:\Users\PREDATOR\OneDrive - Sunway Education Group\Documents\BSc (Hons) in Computer Science\Year 3 Sem 2\NET3204 Distributed System\Assignment\Final Assignment\SetUpScala\target\scala-2.12\classes ...
[error] C:\Users\PREDATOR\OneDrive - Sunway Education Group\Documents\BSc (Hons) in Computer Science\Year 3 Sem 2\NET3204 Distributed System\Assignment\Final Assignment\SetUpScala\src\main\scala\ch\makery\address\MainApp.scala:50:32: not found: type StringProperty
[error]   def showTicTacToe3(player1 : StringProperty, player2 : StringProperty) = {
[error]                                ^
[error] C:\Users\PREDATOR\OneDrive - Sunway Education Group\Documents\BSc (Hons) in Computer Science\Year 3 Sem 2\NET3204 Distributed System\Assignment\Final Assignment\SetUpScala\src\main\scala\ch\makery\address\MainApp.scala:50:58: not found: type StringProperty
[error]   def showTicTacToe3(player1 : StringProperty, player2 : StringProperty) = {
[error]                                                          ^
[error] C:\Users\PREDATOR\OneDrive - Sunway Education Group\Documents\BSc (Hons) in Computer Science\Year 3 Sem 2\NET3204 Distributed System\Assignment\Final Assignment\SetUpScala\src\main\scala\ch\makery\address\MainApp.scala:51:5: not found: value player1Name
[error]     player1Name = player1
[error]     ^
[error] C:\Users\PREDATOR\OneDrive - Sunway Education Group\Documents\BSc (Hons) in Computer Science\Year 3 Sem 2\NET3204 Distributed System\Assignment\Final Assignment\SetUpScala\src\main\scala\ch\makery\address\MainApp.scala:52:5: not found: value player2Name
[error]     player2Name = player2
[error]     ^
[error] C:\Users\PREDATOR\OneDrive - Sunway Education Group\Documents\BSc (Hons) in Computer Science\Year 3 Sem 2\NET3204 Distributed System\Assignment\Final Assignment\SetUpScala\src\main\scala\ch\makery\address\MainApp.scala:53:5: not found: value hasPlayer
[error]     hasPlayer = true
[error]     ^
[error] C:\Users\PREDATOR\OneDrive - Sunway Education Group\Documents\BSc (Hons) in Computer Science\Year 3 Sem 2\NET3204 Distributed System\Assignment\Final Assignment\SetUpScala\src\main\scala\ch\makery\address\MainApp.scala:61:32: not found: type StringProperty
[error]   def showTicTacToe4(player1 : StringProperty, player2 : StringProperty) = {
[error]                                ^
[error] C:\Users\PREDATOR\OneDrive - Sunway Education Group\Documents\BSc (Hons) in Computer Science\Year 3 Sem 2\NET3204 Distributed System\Assignment\Final Assignment\SetUpScala\src\main\scala\ch\makery\address\MainApp.scala:61:58: not found: type StringProperty
[error]   def showTicTacToe4(player1 : StringProperty, player2 : StringProperty) = {
[error]                                                          ^
[error] C:\Users\PREDATOR\OneDrive - Sunway Education Group\Documents\BSc (Hons) in Computer Science\Year 3 Sem 2\NET3204 Distributed System\Assignment\Final Assignment\SetUpScala\src\main\scala\ch\makery\address\MainApp.scala:62:5: not found: value player1Name
[error]     player1Name = player1
[error]     ^
[error] C:\Users\PREDATOR\OneDrive - Sunway Education Group\Documents\BSc (Hons) in Computer Science\Year 3 Sem 2\NET3204 Distributed System\Assignment\Final Assignment\SetUpScala\src\main\scala\ch\makery\address\MainApp.scala:63:5: not found: value player2Name
[error]     player2Name = player2
[error]     ^
[error] C:\Users\PREDATOR\OneDrive - Sunway Education Group\Documents\BSc (Hons) in Computer Science\Year 3 Sem 2\NET3204 Distributed System\Assignment\Final Assignment\SetUpScala\src\main\scala\ch\makery\address\MainApp.scala:64:5: not found: value hasPlayer
[error]     hasPlayer = true
[error]     ^
[error] C:\Users\PREDATOR\OneDrive - Sunway Education Group\Documents\BSc (Hons) in Computer Science\Year 3 Sem 2\NET3204 Distributed System\Assignment\Final Assignment\SetUpScala\src\main\scala\ch\makery\address\MainApp.scala:81:5: not found: value winner
[error]     winner = testValue
[error]     ^
[error] C:\Users\PREDATOR\OneDrive - Sunway Education Group\Documents\BSc (Hons) in Computer Science\Year 3 Sem 2\NET3204 Distributed System\Assignment\Final Assignment\SetUpScala\src\main\scala\ch\makery\address\MainApp.scala:86:5: not found: value playAgainControllerOpt
[error]     playAgainControllerOpt = Option(loader.getController[PlayAgainController#Controller])
[error]     ^
[error] C:\Users\PREDATOR\OneDrive - Sunway Education Group\Documents\BSc (Hons) in Computer Science\Year 3 Sem 2\NET3204 Distributed System\Assignment\Final Assignment\SetUpScala\src\main\scala\ch\makery\address\MainApp.scala:88:5: not found: value hasPlayAgain
[error]     hasPlayAgain = true
[error]     ^
[error] C:\Users\PREDATOR\OneDrive - Sunway Education Group\Documents\BSc (Hons) in Computer Science\Year 3 Sem 2\NET3204 Distributed System\Assignment\Final Assignment\SetUpScala\src\main\scala\ch\makery\address\view\InstructionController.scala:18:16: value hasPlayer is not a member of object ch.makery.address.MainApp
[error]     if(MainApp.hasPlayer){
[error]                ^
[error] C:\Users\PREDATOR\OneDrive - Sunway Education Group\Documents\BSc (Hons) in Computer Science\Year 3 Sem 2\NET3204 Distributed System\Assignment\Final Assignment\SetUpScala\src\main\scala\ch\makery\address\view\InstructionController.scala:19:38: value player1Name is not a member of object ch.makery.address.MainApp
[error]       MainApp.showTicTacToe3(MainApp.player1Name, MainApp.player2Name)
[error]                                      ^
[error] C:\Users\PREDATOR\OneDrive - Sunway Education Group\Documents\BSc (Hons) in Computer Science\Year 3 Sem 2\NET3204 Distributed System\Assignment\Final Assignment\SetUpScala\src\main\scala\ch\makery\address\view\InstructionController.scala:19:59: value player2Name is not a member of object ch.makery.address.MainApp
[error]       MainApp.showTicTacToe3(MainApp.player1Name, MainApp.player2Name)
[error]                                                           ^
[error] C:\Users\PREDATOR\OneDrive - Sunway Education Group\Documents\BSc (Hons) in Computer Science\Year 3 Sem 2\NET3204 Distributed System\Assignment\Final Assignment\SetUpScala\src\main\scala\ch\makery\address\view\InstructionController.scala:31:16: value hasPlayer is not a member of object ch.makery.address.MainApp
[error]     if(MainApp.hasPlayer){
[error]                ^
[error] C:\Users\PREDATOR\OneDrive - Sunway Education Group\Documents\BSc (Hons) in Computer Science\Year 3 Sem 2\NET3204 Distributed System\Assignment\Final Assignment\SetUpScala\src\main\scala\ch\makery\address\view\InstructionController.scala:32:38: value player1Name is not a member of object ch.makery.address.MainApp
[error]       MainApp.showTicTacToe4(MainApp.player1Name, MainApp.player2Name)
[error]                                      ^
[error] C:\Users\PREDATOR\OneDrive - Sunway Education Group\Documents\BSc (Hons) in Computer Science\Year 3 Sem 2\NET3204 Distributed System\Assignment\Final Assignment\SetUpScala\src\main\scala\ch\makery\address\view\InstructionController.scala:32:59: value player2Name is not a member of object ch.makery.address.MainApp
[error]       MainApp.showTicTacToe4(MainApp.player1Name, MainApp.player2Name)
[error]                                                           ^
[error] 19 errors found
[debug] Forcing garbage collection...
[error] (Compile / compileIncremental) Compilation failed
[error] Total time: 4 s, completed Nov 30, 2022 12:51:08 PM
[debug] > Exec(idea-shell, None, None)
