[debug] > Exec(early(addDefaultCommands), None, None)
[debug] > Exec(addDefaultCommands, None, None)
[debug] > Exec(early(initialize), None, None)
[debug] > Exec(initialize, None, None)
[debug] > Exec(early(addPluginSbtFile="""C:\Users\PREDATOR\AppData\Local\Temp\idea.sbt"""), None, None)
[debug] > Exec(addPluginSbtFile="""C:\Users\PREDATOR\AppData\Local\Temp\idea.sbt""", None, None)
[debug] > Exec(boot, None, None)
[debug] > Exec(writeSbtVersion, None, None)
[debug] > Exec(reload, None, None)
[debug] > Exec(sbtStashOnFailure, None, None)
[debug] > Exec(onFailure loadFailed, None, None)
[debug] > Exec(loadp, None, None)
[info] welcome to sbt 1.8.0 (Oracle Corporation Java 1.8.0_281)
[debug]       Load.loadUnit: plugins took 201.975ms
[debug]       Load.loadUnit: defsScala took 0.4876ms
[debug] [Loading] Scanning directory C:\Users\PREDATOR\.sbt\1.0\plugins
[debug] [Loading] Found non-root projects 
[debug] [Loading] Done in C:\Users\PREDATOR\.sbt\1.0\plugins, returning: ()
[debug] deducing auto plugins based on known facts Set(Atom(sbt.plugins.CorePlugin)) and clauses Clauses(Clause(Atom(sbt.plugins.JvmPlugin),Set(Atom(sbt.plugins.IvyPlugin)))
[debug] Clause(Atom(sbt.ScriptedPlugin),Set(Atom(sbt.plugins.JvmPlugin)))
[debug] Clause(Atom(sbt.plugins.SbtPlugin),Set(Atom(sbt.ScriptedPlugin)))
[debug] Clause(Atom(sbt.plugins.SemanticdbPlugin),Set(Atom(sbt.plugins.JvmPlugin)))
[debug] Clause(Atom(sbt.plugins.JUnitXmlReportPlugin),Set(Atom(sbt.plugins.JvmPlugin)))
[debug] Clause(Atom(sbt.plugins.MiniDependencyTreePlugin),Set(Atom(sbt.plugins.JvmPlugin)))
[debug] Clause(Atom(sbt.plugins.CorePlugin),Set(Atom(sbt.plugins.IvyPlugin)))
[debug] Clause(Atom(sbt.plugins.IvyPlugin),Set(Atom(sbt.plugins.JvmPlugin)))
[debug] Clause(Atom(sbt.plugins.JvmPlugin),Set(Atom(sbt.plugins.SemanticdbPlugin)))
[debug] Clause(Atom(sbt.plugins.JvmPlugin),Set(Atom(sbt.plugins.JUnitXmlReportPlugin)))
[debug] Clause(Atom(sbt.plugins.CorePlugin),Set(Atom(sbt.plugins.Giter8TemplatePlugin)))
[debug] Clause(Atom(sbt.plugins.JvmPlugin),Set(Atom(sbt.plugins.MiniDependencyTreePlugin))))
[debug]   :: deduced result: Matched(sbt.plugins.CorePlugin,sbt.plugins.Giter8TemplatePlugin,sbt.plugins.IvyPlugin,sbt.plugins.JvmPlugin,sbt.plugins.MiniDependencyTreePlugin,sbt.plugins.JUnitXmlReportPlugin,sbt.plugins.SemanticdbPlugin)
[debug] Plugins.deducer#function took 46.9821 ms
[debug]           Load.resolveProject(global-plugins) took 61.1096ms
[debug]         Load.loadTransitive: finalizeProject(Project(id global-plugins, base: C:\Users\PREDATOR\.sbt\1.0\plugins, plugins: List(<none>))) took 146.0849ms
[debug] [Loading] Done in C:\Users\PREDATOR\.sbt\1.0\plugins, returning: (global-plugins)
[debug]       Load.loadUnit: loadedProjectsRaw took 183.1573ms
[debug]       Load.loadUnit: cleanEvalClasses took 0.3993ms
[debug]     Load.loadUnit(file:/C:/Users/PREDATOR/.sbt/1.0/plugins/, ...) took 399.5737ms
[debug]   Load.apply: load took 774.102ms
[debug]   Load.apply: resolveProjects took 5.9667ms
[debug]   Load.apply: finalTransforms took 50.8073ms
[debug]   Load.apply: config.delegates took 9.8055ms
[debug]   Load.apply: Def.make(settings)... took 401.6734ms
[debug]   Load.apply: structureIndex took 96.4981ms
[debug]   Load.apply: mkStreams took 1.7192ms
[info] loading global plugins from C:\Users\PREDATOR\.sbt\1.0\plugins
[debug] Running task... Cancel: Signal, check cycles: false, forcegc: true
[debug] Load.defaultLoad until apply took 2548.4549ms
[debug]           Load.loadUnit: plugins took 26.6182ms
[debug]           Load.loadUnit: defsScala took 0.0038ms
[debug] [Loading] Scanning directory C:\Users\PREDATOR\OneDrive - Sunway Education Group\Documents\BSc (Hons) in Computer Science\Year 3 Sem 2\NET3204 Distributed System\Assignment\Final Assignment\SetUpScala\project
[debug]             Load.loadUnit: mkEval took 9.7155ms
[debug] [Loading] Found non-root projects 
[debug] [Loading] Done in C:\Users\PREDATOR\OneDrive - Sunway Education Group\Documents\BSc (Hons) in Computer Science\Year 3 Sem 2\NET3204 Distributed System\Assignment\Final Assignment\SetUpScala\project, returning: ()
[debug] deducing auto plugins based on known facts Set(Atom(sbt.plugins.CorePlugin)) and clauses Clauses(Clause(Atom(sbt.plugins.JvmPlugin),Set(Atom(sbt.plugins.IvyPlugin)))
[debug] Clause(Atom(sbt.ScriptedPlugin),Set(Atom(sbt.plugins.JvmPlugin)))
[debug] Clause(Atom(sbt.plugins.SbtPlugin),Set(Atom(sbt.ScriptedPlugin)))
[debug] Clause(Atom(sbt.plugins.SemanticdbPlugin),Set(Atom(sbt.plugins.JvmPlugin)))
[debug] Clause(Atom(sbt.plugins.JUnitXmlReportPlugin),Set(Atom(sbt.plugins.JvmPlugin)))
[debug] Clause(Atom(sbt.plugins.MiniDependencyTreePlugin),Set(Atom(sbt.plugins.JvmPlugin)))
[debug] Clause(Atom(sbt.plugins.CorePlugin),Set(Atom(sbt.plugins.IvyPlugin)))
[debug] Clause(Atom(sbt.plugins.IvyPlugin),Set(Atom(sbt.plugins.JvmPlugin)))
[debug] Clause(Atom(sbt.plugins.JvmPlugin),Set(Atom(sbt.plugins.SemanticdbPlugin)))
[debug] Clause(Atom(sbt.plugins.JvmPlugin),Set(Atom(sbt.plugins.JUnitXmlReportPlugin)))
[debug] Clause(Atom(sbt.plugins.CorePlugin),Set(Atom(sbt.plugins.Giter8TemplatePlugin)))
[debug] Clause(Atom(sbt.plugins.JvmPlugin),Set(Atom(sbt.plugins.MiniDependencyTreePlugin))))
[debug]   :: deduced result: Matched(sbt.plugins.CorePlugin,sbt.plugins.Giter8TemplatePlugin,sbt.plugins.IvyPlugin,sbt.plugins.JvmPlugin,sbt.plugins.MiniDependencyTreePlugin,sbt.plugins.JUnitXmlReportPlugin,sbt.plugins.SemanticdbPlugin)
[debug] Plugins.deducer#function took 1.982 ms
[info] loading settings for project setupscala-build from idea.sbt ...
[debug]               Load.resolveProject(setupscala-build) took 2.8726ms
[debug]             Load.loadTransitive: finalizeProject(Project(id setupscala-build, base: C:\Users\PREDATOR\OneDrive - Sunway Education Group\Documents\BSc (Hons) in Computer Science\Year 3 Sem 2\NET3204 Distributed System\Assignment\Final Assignment\SetUpScala\project, plugins: List(<none>))) took 5.3895ms
[debug] [Loading] Done in C:\Users\PREDATOR\OneDrive - Sunway Education Group\Documents\BSc (Hons) in Computer Science\Year 3 Sem 2\NET3204 Distributed System\Assignment\Final Assignment\SetUpScala\project, returning: (setupscala-build)
[debug]           Load.loadUnit: loadedProjectsRaw took 174.0721ms
[debug]           Load.loadUnit: cleanEvalClasses took 6.7359ms
[debug]         Load.loadUnit(file:/C:/Users/PREDATOR/OneDrive%20-%20Sunway%20Education%20Group/Documents/BSc%20(Hons)%20in%20Computer%20Science/Year%203%20Sem%202/NET3204%20Distributed%20System/Assignment/Final%20Assignment/SetUpScala/project/, ...) took 208.9586ms
[debug]       Load.apply: load took 210.2859ms
[debug]       Load.apply: resolveProjects took 0.1136ms
[debug]       Load.apply: finalTransforms took 6.5797ms
[debug]       Load.apply: config.delegates took 0.6457ms
[debug]       Load.apply: Def.make(settings)... took 64.9684ms
[debug]       Load.apply: structureIndex took 25.4034ms
[debug]       Load.apply: mkStreams took 0.0031ms
[info] loading project definition from C:\Users\PREDATOR\OneDrive - Sunway Education Group\Documents\BSc (Hons) in Computer Science\Year 3 Sem 2\NET3204 Distributed System\Assignment\Final Assignment\SetUpScala\project
[debug] Running task... Cancel: Signal, check cycles: false, forcegc: true
[warn] Unrecognized repository Scala Plugin Bundled Repository, ignoring it
[warn] Unrecognized repository Scala Plugin Bundled Repository, ignoring it
[debug]     Load.loadUnit: plugins took 1740.8001ms
[debug]     Load.loadUnit: defsScala took 0.0023ms
[debug] [Loading] Scanning directory C:\Users\PREDATOR\OneDrive - Sunway Education Group\Documents\BSc (Hons) in Computer Science\Year 3 Sem 2\NET3204 Distributed System\Assignment\Final Assignment\SetUpScala
[debug]       Load.loadUnit: mkEval took 0.266ms
[debug] [Loading] Found root project root w/ remaining 
[debug] deducing auto plugins based on known facts Set(Atom(sbt.plugins.CorePlugin)) and clauses Clauses(Clause(Atom(sbt.plugins.JvmPlugin),Set(Atom(sbt.plugins.IvyPlugin)))
[debug] Clause(Atom(sbt.ScriptedPlugin),Set(Atom(sbt.plugins.JvmPlugin)))
[debug] Clause(Atom(sbt.plugins.SbtPlugin),Set(Atom(sbt.ScriptedPlugin)))
[debug] Clause(Atom(sbt.plugins.SemanticdbPlugin),Set(Atom(sbt.plugins.JvmPlugin)))
[debug] Clause(Atom(sbt.plugins.JUnitXmlReportPlugin),Set(Atom(sbt.plugins.JvmPlugin)))
[debug] Clause(Atom(sbt.plugins.MiniDependencyTreePlugin),Set(Atom(sbt.plugins.JvmPlugin)))
[debug] Clause(Atom(org.jetbrains.sbt.StructurePlugin),Set(Atom(sbt.plugins.JvmPlugin)))
[debug] Clause(Atom(org.jetbrains.sbt.IdeaShellPlugin),Set(Atom(sbt.plugins.JvmPlugin)))
[debug] Clause(Atom(org.jetbrains.sbt.indices.SbtIntellijIndicesPlugin),Set(Atom(sbt.plugins.JvmPlugin)))
[debug] Clause(Atom(sbt.plugins.CorePlugin),Set(Atom(sbt.plugins.IvyPlugin)))
[debug] Clause(Atom(sbt.plugins.IvyPlugin),Set(Atom(sbt.plugins.JvmPlugin)))
[debug] Clause(Atom(sbt.plugins.JvmPlugin),Set(Atom(sbt.plugins.SemanticdbPlugin)))
[debug] Clause(Atom(sbt.plugins.JvmPlugin),Set(Atom(sbt.plugins.JUnitXmlReportPlugin)))
[debug] Clause(Atom(sbt.plugins.CorePlugin),Set(Atom(sbt.plugins.Giter8TemplatePlugin)))
[debug] Clause(Atom(sbt.plugins.JvmPlugin),Set(Atom(sbt.plugins.MiniDependencyTreePlugin)))
[debug] Clause(Atom(sbt.plugins.JvmPlugin),Set(Atom(org.jetbrains.sbt.StructurePlugin)))
[debug] Clause(Atom(sbt.plugins.JvmPlugin),Set(Atom(org.jetbrains.sbt.IdeaShellPlugin)))
[debug] Clause(And(Set(Atom(sbt.plugins.CorePlugin), Atom(sbt.plugins.JvmPlugin))),Set(Atom(org.jetbrains.sbt.indices.SbtIntellijIndicesPlugin))))
[debug]   :: deduced result: Matched(sbt.plugins.CorePlugin,sbt.plugins.Giter8TemplatePlugin,sbt.plugins.IvyPlugin,sbt.plugins.JvmPlugin,sbt.plugins.SemanticdbPlugin,org.jetbrains.sbt.indices.SbtIntellijIndicesPlugin,sbt.plugins.JUnitXmlReportPlugin,org.jetbrains.sbt.IdeaShellPlugin,org.jetbrains.sbt.StructurePlugin,sbt.plugins.MiniDependencyTreePlugin)
[debug] Plugins.deducer#function took 2.0218 ms
[info] loading settings for project root from build.sbt ...
[debug]         Load.resolveProject(root) took 35.065ms
[debug]       Load.loadTransitive: finalizeProject(Project(id root, base: C:\Users\PREDATOR\OneDrive - Sunway Education Group\Documents\BSc (Hons) in Computer Science\Year 3 Sem 2\NET3204 Distributed System\Assignment\Final Assignment\SetUpScala, plugins: List(<none>))) took 38.5822ms
[debug] [Loading] Done in C:\Users\PREDATOR\OneDrive - Sunway Education Group\Documents\BSc (Hons) in Computer Science\Year 3 Sem 2\NET3204 Distributed System\Assignment\Final Assignment\SetUpScala, returning: (root)
[debug]     Load.loadUnit: loadedProjectsRaw took 4085.2341ms
[debug]     Load.loadUnit: cleanEvalClasses took 20.348ms
[debug]   Load.loadUnit(file:/C:/Users/PREDATOR/OneDrive%20-%20Sunway%20Education%20Group/Documents/BSc%20(Hons)%20in%20Computer%20Science/Year%203%20Sem%202/NET3204%20Distributed%20System/Assignment/Final%20Assignment/SetUpScala/, ...) took 5847.0099ms
[debug] Load.apply: load took 5849.9459ms
[debug] Load.apply: resolveProjects took 0.1673ms
[debug] Load.apply: finalTransforms took 24.3646ms
[debug] Load.apply: config.delegates took 0.5796ms
[debug] Load.apply: Def.make(settings)... took 89.0796ms
[debug] Load.apply: structureIndex took 27.7835ms
[debug] Load.apply: mkStreams took 0.0029ms
[info] set current project to SetUpScala (in build file:/C:/Users/PREDATOR/OneDrive%20-%20Sunway%20Education%20Group/Documents/BSc%20(Hons)%20in%20Computer%20Science/Year%203%20Sem%202/NET3204%20Distributed%20System/Assignment/Final%20Assignment/SetUpScala/)
[debug] > Exec(sbtPopOnFailure, None, None)
[debug] > Exec(resumeFromFailure, None, None)
[debug] > Exec(notifyUsersAboutShell, None, None)
[debug] > Exec(iflast shell, None, None)
[debug] > Exec(; set ideaPort in Global := 53807 ; idea-shell, None, None)
[debug] > Exec(set ideaPort in Global := 53807, None, None)
[info] Defining Global / ideaPort
[info] The new value will be used by Compile / compile, Test / compile
[debug] Defining 
[debug] 	Global / ideaPort
[debug] 
[debug] The new value will be used by 
[debug] 	Compile / compile
[debug] 	Test / compile
[info] Reapplying settings...
[info] set current project to SetUpScala (in build file:/C:/Users/PREDATOR/OneDrive%20-%20Sunway%20Education%20Group/Documents/BSc%20(Hons)%20in%20Computer%20Science/Year%203%20Sem%202/NET3204%20Distributed%20System/Assignment/Final%20Assignment/SetUpScala/)
[debug] > Exec(idea-shell, None, None)
